Flow report for fpga_md5
Mon Nov 02 09:52:33 2020
Quartus II 32-bit Version 13.0.1 Build 232 06/12/2013 Service Pack 1 SJ Web Edition


---------------------
; Table of Contents ;
---------------------
  1. Legal Notice
  2. Flow Summary
  3. Flow Settings
  4. Flow Non-Default Global Settings
  5. Flow Elapsed Time
  6. Flow OS Summary
  7. Flow Log
  8. Flow Messages
  9. Flow Suppressed Messages



----------------
; Legal Notice ;
----------------
Copyright (C) 1991-2013 Altera Corporation
Your use of Altera Corporation's design tools, logic functions 
and other software and tools, and its AMPP partner logic 
functions, and any output files from any of the foregoing 
(including device programming or simulation files), and any 
associated documentation or information are expressly subject 
to the terms and conditions of the Altera Program License 
Subscription Agreement, Altera MegaCore Function License 
Agreement, or other applicable license agreement, including, 
without limitation, that your use is for the sole purpose of 
programming logic devices manufactured by Altera and sold by 
Altera or its authorized distributors.  Please refer to the 
applicable agreement for further details.



+--------------------------------------------------------------------------------------+
; Flow Summary                                                                         ;
+------------------------------------+-------------------------------------------------+
; Flow Status                        ; Successful - Mon Nov 02 09:52:05 2020           ;
; Quartus II 32-bit Version          ; 13.0.1 Build 232 06/12/2013 SP 1 SJ Web Edition ;
; Revision Name                      ; fpga_md5                                        ;
; Top-level Entity Name              ; fpga_md5                                        ;
; Family                             ; Cyclone II                                      ;
; Device                             ; EP2C35F672C6                                    ;
; Timing Models                      ; Final                                           ;
; Total logic elements               ; 21,834 / 33,216 ( 66 % )                        ;
;     Total combinational functions  ; 18,358 / 33,216 ( 55 % )                        ;
;     Dedicated logic registers      ; 17,523 / 33,216 ( 53 % )                        ;
; Total registers                    ; 17523                                           ;
; Total pins                         ; 16 / 475 ( 3 % )                                ;
; Total virtual pins                 ; 0                                               ;
; Total memory bits                  ; 6,364 / 483,840 ( 1 % )                         ;
; Embedded Multiplier 9-bit elements ; 0 / 70 ( 0 % )                                  ;
; Total PLLs                         ; 1 / 4 ( 25 % )                                  ;
+------------------------------------+-------------------------------------------------+


+-----------------------------------------+
; Flow Settings                           ;
+-------------------+---------------------+
; Option            ; Setting             ;
+-------------------+---------------------+
; Start date & time ; 11/02/2020 09:33:02 ;
; Main task         ; Compilation         ;
; Revision Name     ; fpga_md5            ;
+-------------------+---------------------+


+--------------------------------------------------------------------------------------------------------------+
; Flow Non-Default Global Settings                                                                             ;
+-------------------------------------+-----------------------------+---------------+-------------+------------+
; Assignment Name                     ; Value                       ; Default Value ; Entity Name ; Section Id ;
+-------------------------------------+-----------------------------+---------------+-------------+------------+
; COMPILER_SIGNATURE_ID               ; 73649246222.160433117203744 ; --            ; --          ; --         ;
; IP_TOOL_NAME                        ; ALTPLL                      ; --            ; --          ; --         ;
; IP_TOOL_VERSION                     ; 13.0                        ; --            ; --          ; --         ;
; MAX_CORE_JUNCTION_TEMP              ; 85                          ; --            ; --          ; --         ;
; MIN_CORE_JUNCTION_TEMP              ; 0                           ; --            ; --          ; --         ;
; MISC_FILE                           ; altpll0.bsf                 ; --            ; --          ; --         ;
; MISC_FILE                           ; altpll0.cmp                 ; --            ; --          ; --         ;
; MISC_FILE                           ; altpll0.ppf                 ; --            ; --          ; --         ;
; PARTITION_COLOR                     ; 16764057                    ; --            ; --          ; Top        ;
; PARTITION_FITTER_PRESERVATION_LEVEL ; PLACEMENT_AND_ROUTING       ; --            ; --          ; Top        ;
; PARTITION_NETLIST_TYPE              ; SOURCE                      ; --            ; --          ; Top        ;
; PROJECT_OUTPUT_DIRECTORY            ; output_files                ; --            ; --          ; --         ;
+-------------------------------------+-----------------------------+---------------+-------------+------------+


+-------------------------------------------------------------------------------------------------------------------------------+
; Flow Elapsed Time                                                                                                             ;
+---------------------------+--------------+-------------------------+---------------------+------------------------------------+
; Module Name               ; Elapsed Time ; Average Processors Used ; Peak Virtual Memory ; Total CPU Time (on all processors) ;
+---------------------------+--------------+-------------------------+---------------------+------------------------------------+
; Analysis & Synthesis      ; 00:04:02     ; 1.0                     ; 485 MB              ; 00:03:42                           ;
; Fitter                    ; 00:14:16     ; 1.0                     ; 719 MB              ; 00:13:44                           ;
; Assembler                 ; 00:00:13     ; 1.0                     ; 381 MB              ; 00:00:10                           ;
; TimeQuest Timing Analyzer ; 00:00:24     ; 1.0                     ; 536 MB              ; 00:00:21                           ;
; Total                     ; 00:18:55     ; --                      ; --                  ; 00:17:57                           ;
+---------------------------+--------------+-------------------------+---------------------+------------------------------------+


+----------------------------------------------------------------------------------------+
; Flow OS Summary                                                                        ;
+---------------------------+------------------+-----------+------------+----------------+
; Module Name               ; Machine Hostname ; OS Name   ; OS Version ; Processor type ;
+---------------------------+------------------+-----------+------------+----------------+
; Analysis & Synthesis      ; User-PC          ; Windows 7 ; 6.1        ; i686           ;
; Fitter                    ; User-PC          ; Windows 7 ; 6.1        ; i686           ;
; Assembler                 ; User-PC          ; Windows 7 ; 6.1        ; i686           ;
; TimeQuest Timing Analyzer ; User-PC          ; Windows 7 ; 6.1        ; i686           ;
+---------------------------+------------------+-----------+------------+----------------+


------------
; Flow Log ;
------------
quartus_map --read_settings_files=on --write_settings_files=off fpga_md5 -c fpga_md5
quartus_fit --read_settings_files=off --write_settings_files=off fpga_md5 -c fpga_md5
quartus_asm --read_settings_files=off --write_settings_files=off fpga_md5 -c fpga_md5
quartus_sta fpga_md5 -c fpga_md5



